<?xml version="1.0" encoding="UTF-8"?>
<!-- Generated by org.testng.reporters.JUnitReportReporter -->
<testsuite skipped="0" hostname="MAVBCP77" name="com.internetapp.tests.parameters.TestNG_Parameters" tests="1" failures="0" timestamp="2020-06-26T11:51:23 IST" time="0.009" errors="0">
  <testcase name="testMethod1" time="0.009" classname="com.internetapp.tests.parameters.TestNG_Parameters"/>
  <system-out/>
</testsuite> <!-- com.internetapp.tests.parameters.TestNG_Parameters -->
