<?xml version="1.0" encoding="UTF-8"?>
<!-- Generated by org.testng.reporters.JUnitReportReporter -->
<testsuite skipped="0" hostname="MAVBCP77" name="com.internetapp.tests.TestCalculator" tests="4" failures="0" timestamp="2020-06-26T12:18:37 IST" time="0.064" errors="0">
  <testcase name="division" time="0.010" classname="com.internetapp.tests.TestCalculator"/>
  <system-out>
TestNG_ReportsAndLogs -> division  </system-out>
  <testcase name="Substration" time="0.024" classname="com.internetapp.tests.TestCalculator"/>
  <system-out>
TestNG_ReportsAndLogs -> Subsration  </system-out>
  <testcase name="add" time="0.024" classname="com.internetapp.tests.TestCalculator"/>
  <system-out>
TestNG_ReportsAndLogs -> addition  </system-out>
  <testcase name="multiplication" time="0.006" classname="com.internetapp.tests.TestCalculator"/>
  <system-out>
TestNG_ReportsAndLogs -> multliplication  </system-out>
</testsuite> <!-- com.internetapp.tests.TestCalculator -->
